{"synthetic": false,
 "schemaVersion": "2025-09-10",
 "outputs":
 {"o": ["5bf14041da5557a1.olean"],
  "m": false,
  "i": "f9fb7c5e1a3a6bb0.ilean",
  "c": "594bf55d84152f71.c"},
 "log":
 [{"message":
   ".> LEAN_PATH=/home/maono/Documents/Codes/nng/.lake/packages/Cli/.lake/build/lib/lean:/home/maono/Documents/Codes/nng/.lake/packages/batteries/.lake/build/lib/lean:/home/maono/Documents/Codes/nng/.lake/packages/Qq/.lake/build/lib/lean:/home/maono/Documents/Codes/nng/.lake/packages/aesop/.lake/build/lib/lean:/home/maono/Documents/Codes/nng/.lake/packages/proofwidgets/.lake/build/lib/lean:/home/maono/Documents/Codes/nng/.lake/packages/importGraph/.lake/build/lib/lean:/home/maono/Documents/Codes/nng/.lake/packages/LeanSearchClient/.lake/build/lib/lean:/home/maono/Documents/Codes/nng/.lake/packages/plausible/.lake/build/lib/lean:/home/maono/Documents/Codes/nng/.lake/packages/mathlib/.lake/build/lib/lean:/home/maono/Documents/Codes/nng/.lake/build/lib/lean /home/maono/.elan/toolchains/leanprover--lean4---v4.30.0-rc1/bin/lean /home/maono/Documents/Codes/nng/NngSolutions/MyNat/Definitions.lean -o /home/maono/Documents/Codes/nng/.lake/build/lib/lean/NngSolutions/MyNat/Definitions.olean -i /home/maono/Documents/Codes/nng/.lake/build/lib/lean/NngSolutions/MyNat/Definitions.ilean -c /home/maono/Documents/Codes/nng/.lake/build/ir/NngSolutions/MyNat/Definitions.c --setup /home/maono/Documents/Codes/nng/.lake/build/ir/NngSolutions/MyNat/Definitions.setup.json --json",
   "level": "trace"}],
 "inputs":
 [["NngSolutions.MyNat.Definitions:deps",
   [["deps",
     [["NngSolutions/NngSolutions:extraDep",
       [["@NngSolutions:extraDep", "00000000000006bb"]]],
      ["imports", "00000000000006bb"]]],
    ["libs",
     [["import dynlibs", "00000000000006bb"],
      ["package external libraries", "00000000000006bb"],
      ["module dynlibs", "00000000000006bb"],
      ["module plugins", "00000000000006bb"]]]]],
  ["Lean 4.30.0, commit 714601baf118066cbf3f282361339c6d06665b2a",
   "a22979b798cee25b"],
  ["/home/maono/Documents/Codes/nng/NngSolutions/MyNat/Definitions.lean",
   "404a972410036d0e"],
  ["options", "00000000000006bb"],
  ["isModule: false", "feefd2a0d3a1847e"],
  ["Module.name: NngSolutions.MyNat.Definitions", "9ba72b426c0709dd"],
  ["Package.id?: (some NngSolutions)", "65fb526572a98e38"],
  ["Module.leanArgs: #[]", "00000000000006bb"]],
 "depHash": "4b3841dae86bbef9"}